[debug] [2025-09-05T20:14:42.461Z] ----------------------------------------------------------------------
[debug] [2025-09-05T20:14:42.485Z] Command:       C:\Program Files\nodejs\node.exe C:\Users\acer\AppData\Roaming\npm\node_modules\firebase-tools\lib\bin\firebase.js init hosting
[debug] [2025-09-05T20:14:42.486Z] CLI Version:   14.15.2
[debug] [2025-09-05T20:14:42.486Z] Platform:      win32
[debug] [2025-09-05T20:14:42.486Z] Node Version:  v22.15.0
[debug] [2025-09-05T20:14:42.487Z] Time:          Sat Sep 06 2025 01:44:42 GMT+0530 (India Standard Time)
[debug] [2025-09-05T20:14:42.487Z] ----------------------------------------------------------------------
[debug] 
[debug] [2025-09-05T20:14:42.504Z] > command requires scopes: ["email","openid","https://www.googleapis.com/auth/cloudplatformprojects.readonly","https://www.googleapis.com/auth/firebase","https://www.googleapis.com/auth/cloud-platform"]
[debug] [2025-09-05T20:14:42.505Z] > authorizing via signed-in user (nishant.fullstac@gmail.com)
[info] 
     ######## #### ########  ######## ########     ###     ######  ########
     ##        ##  ##     ## ##       ##     ##  ##   ##  ##       ##
     ######    ##  ########  ######   ########  #########  ######  ######
     ##        ##  ##    ##  ##       ##     ## ##     ##       ## ##
     ##       #### ##     ## ######## ########  ##     ##  ######  ########

You're about to initialize a Firebase project in this directory:

  C:\Users\acer\Desktop\expense tracker

[info] 
=== Project Setup
[info] 
[info] First, let's associate this project directory with a Firebase project.
[info] You can create multiple project aliases by running firebase use --add, 
[info] but for now we'll just set up a default project.
[info] 
[debug] [2025-09-05T20:15:21.317Z] Checked if tokens are valid: true, expires at: 1757106700804
[debug] [2025-09-05T20:15:21.318Z] Checked if tokens are valid: true, expires at: 1757106700804
[debug] [2025-09-05T20:15:21.321Z] >>> [apiv2][query] GET https://firebase.googleapis.com/v1beta1/projects pageSize=100
[debug] [2025-09-05T20:15:22.100Z] <<< [apiv2][status] GET https://firebase.googleapis.com/v1beta1/projects 200
[debug] [2025-09-05T20:15:22.100Z] <<< [apiv2][body] GET https://firebase.googleapis.com/v1beta1/projects [omitted]
[info] i  Using project expense-tracker-web-ap (expense-tracker) 
[info] 
=== Hosting Setup
[debug] [2025-09-05T20:15:24.913Z] Checked if tokens are valid: true, expires at: 1757106700804
[debug] [2025-09-05T20:15:24.913Z] Checked if tokens are valid: true, expires at: 1757106700804
[debug] [2025-09-05T20:15:24.914Z] >>> [apiv2][query] GET https://firebase.googleapis.com/v1beta1/projects/expense-tracker-web-ap [none]
[debug] [2025-09-05T20:15:25.560Z] <<< [apiv2][status] GET https://firebase.googleapis.com/v1beta1/projects/expense-tracker-web-ap 200
[debug] [2025-09-05T20:15:25.560Z] <<< [apiv2][body] GET https://firebase.googleapis.com/v1beta1/projects/expense-tracker-web-ap {"projectId":"expense-tracker-web-ap","projectNumber":"801037078061","displayName":"expense-tracker","name":"projects/expense-tracker-web-ap","resources":{"hostingSite":"expense-tracker-web-ap"},"state":"ACTIVE","etag":"1_397d1bb8-ad94-4070-bc10-8f83d7729f0c"}
[info] 
[info] Your public directory is the folder (relative to your project directory) that
[info] will contain Hosting assets to be uploaded with firebase deploy. If you
[info] have a build process for your assets, use your build's output directory.
[info] 
